Drill report for ELKS.kicad_pcb
Created on Fri May 26 00:57:04 2023

Copper Layer Stackup:
    =============================================================
    L1 :  F.Cu                      front
    L2 :  B.Cu                      back


Drill file 'ELKS.drl' contains
    plated through holes:
    =============================================================
    T1  0.300mm  0.0118"  (2 holes)
    T2  0.400mm  0.0157"  (115 holes)
    T3  0.600mm  0.0236"  (4 holes)  (with 4 slots)
    T4  0.762mm  0.0300"  (44 holes)
    T5  0.950mm  0.0374"  (3 holes)
    T6  1.000mm  0.0394"  (42 holes)
    T7  1.100mm  0.0433"  (4 holes)  (with 4 slots)

    Total plated holes count 214


Not plated through holes are merged with plated holes
    unplated through holes:
    =============================================================
    T8  0.650mm  0.0256"  (2 holes)

    Total unplated holes count 2
